<?xml version="1.0" encoding="UTF-8"?>
<!-- Generated by org.testng.reporters.JUnitXMLReporter -->
<testsuite ignored="4" hostname="DESKTOP-63G7VB2" failures="0" tests="7" name="Surefire test" time="7.831" errors="0" timestamp="2023-05-17T01:06:59 CEST">
  <testcase classname="testFramework.testClasses.MyAccount_Tests" name="@BeforeMethod goToMyAccountPage" time="0.001">
    <failure type="java.lang.NullPointerException" message="Cannot invoke &amp;quot;org.openqa.selenium.WebDriver.navigate()&amp;quot; because &amp;quot;this.driver&amp;quot; is null">
      <![CDATA[java.lang.NullPointerException: Cannot invoke "org.openqa.selenium.WebDriver.navigate()" because "this.driver" is null
at testFramework.testClasses.MyAccount_Tests.goToMyAccountPage(MyAccount_Tests.java:22)
at java.base/java.util.ArrayList.forEach(ArrayList.java:1511)
... Removed 34 stack frames]]>
    </failure>
  </testcase> <!-- @BeforeMethod goToMyAccountPage -->
  <testcase classname="testFramework.testClasses.MyAccount_Tests" name="@BeforeMethod goToMyAccountPage" time="0.001">
    <failure type="java.lang.NullPointerException" message="Cannot invoke &amp;quot;org.openqa.selenium.WebDriver.navigate()&amp;quot; because &amp;quot;this.driver&amp;quot; is null">
      <![CDATA[java.lang.NullPointerException: Cannot invoke "org.openqa.selenium.WebDriver.navigate()" because "this.driver" is null
at testFramework.testClasses.MyAccount_Tests.goToMyAccountPage(MyAccount_Tests.java:22)
at java.base/java.util.ArrayList.forEach(ArrayList.java:1511)
... Removed 34 stack frames]]>
    </failure>
  </testcase> <!-- @BeforeMethod goToMyAccountPage -->
  <testcase classname="testFramework.testClasses.MyAccount_Tests" name="@BeforeMethod goToMyAccountPage" time="0.001">
    <failure type="java.lang.NullPointerException" message="Cannot invoke &amp;quot;org.openqa.selenium.WebDriver.navigate()&amp;quot; because &amp;quot;this.driver&amp;quot; is null">
      <![CDATA[java.lang.NullPointerException: Cannot invoke "org.openqa.selenium.WebDriver.navigate()" because "this.driver" is null
at testFramework.testClasses.MyAccount_Tests.goToMyAccountPage(MyAccount_Tests.java:22)
at java.base/java.util.ArrayList.forEach(ArrayList.java:1511)
... Removed 34 stack frames]]>
    </failure>
  </testcase> <!-- @BeforeMethod goToMyAccountPage -->
  <testcase classname="testFramework.testClasses.MyAccount_Tests" name="@BeforeMethod goToMyAccountPage" time="0.001">
    <failure type="java.lang.NullPointerException" message="Cannot invoke &amp;quot;org.openqa.selenium.WebDriver.navigate()&amp;quot; because &amp;quot;this.driver&amp;quot; is null">
      <![CDATA[java.lang.NullPointerException: Cannot invoke "org.openqa.selenium.WebDriver.navigate()" because "this.driver" is null
at testFramework.testClasses.MyAccount_Tests.goToMyAccountPage(MyAccount_Tests.java:22)
at java.base/java.util.ArrayList.forEach(ArrayList.java:1511)
... Removed 34 stack frames]]>
    </failure>
  </testcase> <!-- @BeforeMethod goToMyAccountPage -->
  <testcase classname="testFramework.testClasses.MyAccount_Tests" name="@BeforeMethod goToMyAccountPage" time="0.001">
    <failure type="java.lang.NullPointerException" message="Cannot invoke &amp;quot;org.openqa.selenium.WebDriver.navigate()&amp;quot; because &amp;quot;this.driver&amp;quot; is null">
      <![CDATA[java.lang.NullPointerException: Cannot invoke "org.openqa.selenium.WebDriver.navigate()" because "this.driver" is null
at testFramework.testClasses.MyAccount_Tests.goToMyAccountPage(MyAccount_Tests.java:22)
at java.base/java.util.ArrayList.forEach(ArrayList.java:1511)
... Removed 34 stack frames]]>
    </failure>
  </testcase> <!-- @BeforeMethod goToMyAccountPage -->
  <testcase classname="testFramework.testClasses.LandingPage_Tests" name="verifyHoverAddToCartID54" time="0.997"/>
  <testcase classname="testFramework.testClasses.LandingPage_Tests" name="verifyTwoViewCart" time="0.863"/>
  <testcase classname="testFramework.testClasses.MyAccount_Tests" name="invalidLogIn" time="0.0">
    <skipped/>
  </testcase> <!-- invalidLogIn -->
  <testcase classname="testFramework.testClasses.MyAccount_Tests" name="invalidLogIn" time="0.0">
    <skipped/>
  </testcase> <!-- invalidLogIn -->
  <testcase classname="testFramework.testClasses.MyAccount_Tests" name="invalidLogIn" time="0.0">
    <skipped/>
  </testcase> <!-- invalidLogIn -->
  <testcase classname="testFramework.testClasses.MyAccount_Tests" name="verifyMyAccountPageExists" time="0.0">
    <skipped/>
  </testcase> <!-- verifyMyAccountPageExists -->
  <testcase classname="testFramework.testClasses.MyAccount_Tests" name="verifyRememberMeCheckbox" time="0.0">
    <skipped/>
  </testcase> <!-- verifyRememberMeCheckbox -->
  <testcase classname="testFramework.testComponents.BaseTest" name="@AfterTest closeDriver" time="0.0">
    <ignored/>
  </testcase> <!-- @AfterTest closeDriver -->
  <testcase classname="testFramework.testComponents.BaseTest" name="@AfterTest closeDriver" time="0.0">
    <ignored/>
  </testcase> <!-- @AfterTest closeDriver -->
  <testcase classname="testFramework.testComponents.BaseTest" name="@BeforeTest pleaseWork" time="0.0">
    <ignored/>
  </testcase> <!-- @BeforeTest pleaseWork -->
  <testcase classname="testFramework.testComponents.BaseTest" name="@BeforeTest pleaseWork" time="0.0">
    <ignored/>
  </testcase> <!-- @BeforeTest pleaseWork -->
</testsuite> <!-- Surefire test -->
