<?xml version="1.0" encoding="UTF-8"?>
<!-- Generated by org.testng.reporters.JUnitXMLReporter -->
<testsuite ignored="0" hostname="DESKTOP-63G7VB2" failures="1" tests="3" name="Landing Page Tests" time="10.81" errors="0" timestamp="2023-05-11T15:27:31 CEST">
  <testcase classname="testFramework.testClasses.LandingPage_Tests" name="verifyHoverAddToCartID54" time="1.059"/>
  <testcase classname="testFramework.testClasses.LandingPage_Tests" name="verifyTwoViewCart" time="0.842">
    <skipped/>
  </testcase> <!-- verifyTwoViewCart -->
  <testcase classname="testFramework.testClasses.LandingPage_Tests" name="verifyTwoViewCart" time="0.855">
    <failure type="java.lang.AssertionError" message="expected [true] but found [false]">
      <![CDATA[java.lang.AssertionError: expected [true] but found [false]
at testFramework.testClasses.LandingPage_Tests.verifyTwoViewCart(LandingPage_Tests.java:32)
at java.base/java.util.ArrayList.forEach(ArrayList.java:1511)
at java.base/java.util.concurrent.FutureTask.run(FutureTask.java:317)
at java.base/java.util.concurrent.ThreadPoolExecutor.runWorker(ThreadPoolExecutor.java:1144)
at java.base/java.util.concurrent.ThreadPoolExecutor$Worker.run(ThreadPoolExecutor.java:642)
at java.base/java.lang.Thread.run(Thread.java:1589)
... Removed 19 stack frames]]>
    </failure>
  </testcase> <!-- verifyTwoViewCart -->
</testsuite> <!-- Landing Page Tests -->
