<!DOCTYPE html PUBLIC "-//W3C//DTD XHTML 1.1//EN" "https://www.w3.org/TR/xhtml11/DTD/xhtml11.dtd">
<html xmlns="https://www.w3.org/1999/xhtml">
<head>
<meta http-equiv="content-type" content="text/html; charset=UTF-8"/>
<title>TestNG Report</title>
<style type="text/css">table {margin-bottom:10px;border-collapse:collapse;empty-cells:show}th,td {border:1px solid #009;padding:.25em .5em}th {vertical-align:bottom}td {vertical-align:top}table a {font-weight:bold}.stripe td {background-color: #E6EBF9}.num {text-align:right}.passedodd td {background-color: #3F3}.passedeven td {background-color: #0A0}.skippedodd td {background-color: #DDD}.skippedeven td {background-color: #CCC}.failedodd td,.attn {background-color: #F33}.failedeven td,.stripe .attn {background-color: #D00}.stacktrace {white-space:pre;font-family:monospace}.totop {font-size:85%;text-align:center;border-bottom:2px solid #000}.invisible {display:none}</style>
</head>
<body>
<table>
<tr><th>Test</th><th># Passed</th><th># Skipped</th><th># Retried</th><th># Failed</th><th>Time (ms)</th><th>Included Groups</th><th>Excluded Groups</th></tr>
<tr><th colspan="8">Suite</th></tr>
<tr><td><a href="#t0">Landing Page Tests</a></td><td class="num">1</td><td class="num">0</td><td class="num attn">1</td><td class="num attn">1</td><td class="num">10,810</td><td></td><td></td></tr>
<tr class="stripe"><td><a href="#t1">My Account Tests</a></td><td class="num">5</td><td class="num">0</td><td class="num">0</td><td class="num">0</td><td class="num">16,684</td><td></td><td></td></tr>
<tr><th>Total</th><th class="num">6</th><th class="num">0</th><th class="num attn">1</th><th class="num attn">1</th><th class="num">27,494</th><th colspan="2"></th></tr>
</table>
<table id='summary'><thead><tr><th>Class</th><th>Method</th><th>Start</th><th>Time (ms)</th></tr></thead><tbody><tr><th colspan="4">Suite</th></tr></tbody><tbody id="t0"><tr><th colspan="4">Landing Page Tests &#8212; failed</th></tr><tr class="failedeven"><td rowspan="1">testFramework.testClasses.LandingPage_Tests</td><td><a href="#m0">verifyTwoViewCart</a></td><td rowspan="1">1683811649990</td><td rowspan="1">855</td></tr><tr><th colspan="4">Landing Page Tests &#8212; retried</th></tr><tr class="retriedeven"><td rowspan="1">testFramework.testClasses.LandingPage_Tests</td><td><a href="#m1">verifyTwoViewCart</a></td><td rowspan="1">1683811648259</td><td rowspan="1">842</td></tr><tr><th colspan="4">Landing Page Tests &#8212; passed</th></tr><tr class="passedeven"><td rowspan="1">testFramework.testClasses.LandingPage_Tests</td><td><a href="#m2">verifyHoverAddToCartID54</a></td><td rowspan="1">1683811646305</td><td rowspan="1">1059</td></tr></tbody>
<tbody id="t1"><tr><th colspan="4">My Account Tests &#8212; passed</th></tr><tr class="passedeven"><td rowspan="5">testFramework.testClasses.MyAccount_Tests</td><td><a href="#m3">invalidLogIn</a></td><td rowspan="3">1683811647458</td><td rowspan="3">1139</td></tr><tr class="passedeven"><td><a href="#m4">invalidLogIn</a></td></tr><tr class="passedeven"><td><a href="#m5">invalidLogIn</a></td></tr><tr class="passedeven"><td><a href="#m6">verifyMyAccountPageExists</a></td><td rowspan="1">1683811655368</td><td rowspan="1">18</td></tr><tr class="passedeven"><td><a href="#m7">verifyRememberMeCheckbox</a></td><td rowspan="1">1683811656946</td><td rowspan="1">119</td></tr></tbody>
</table>
<h2>Landing Page Tests</h2><h3 id="m0">testFramework.testClasses.LandingPage_Tests#verifyTwoViewCart</h3><table class="result"><tr><th>Exception</th></tr><tr><td><div class="stacktrace">java.lang.AssertionError: expected [true] but found [false]
	at testFramework.testClasses.LandingPage_Tests.verifyTwoViewCart(LandingPage_Tests.java:32)
	at java.base/java.util.ArrayList.forEach(ArrayList.java:1511)
	at java.base/java.util.concurrent.FutureTask.run(FutureTask.java:317)
	at java.base/java.util.concurrent.ThreadPoolExecutor.runWorker(ThreadPoolExecutor.java:1144)
	at java.base/java.util.concurrent.ThreadPoolExecutor$Worker.run(ThreadPoolExecutor.java:642)
	at java.base/java.lang.Thread.run(Thread.java:1589)
... Removed 19 stack frames</div></td></tr></table><p class="totop"><a href="#summary">back to summary</a></p>
<h3 id="m1">testFramework.testClasses.LandingPage_Tests#verifyTwoViewCart</h3><table class="result"><tr><th>Exception</th></tr><tr><td><div class="stacktrace">java.lang.AssertionError: expected [true] but found [false]
	at testFramework.testClasses.LandingPage_Tests.verifyTwoViewCart(LandingPage_Tests.java:32)
	at java.base/java.util.ArrayList.forEach(ArrayList.java:1511)
	at java.base/java.util.concurrent.FutureTask.run(FutureTask.java:317)
	at java.base/java.util.concurrent.ThreadPoolExecutor.runWorker(ThreadPoolExecutor.java:1144)
	at java.base/java.util.concurrent.ThreadPoolExecutor$Worker.run(ThreadPoolExecutor.java:642)
	at java.base/java.lang.Thread.run(Thread.java:1589)
... Removed 19 stack frames</div></td></tr></table><p class="totop"><a href="#summary">back to summary</a></p>
<h3 id="m2">testFramework.testClasses.LandingPage_Tests#verifyHoverAddToCartID54</h3><table class="result"><tr><th class="invisible"/></tr></table><p class="totop"><a href="#summary">back to summary</a></p>
<h2>My Account Tests</h2><h3 id="m3">testFramework.testClasses.MyAccount_Tests#invalidLogIn</h3><table class="result"><tr class="param"><th>Parameter #1</th></tr><tr class="param stripe"><td>{password=Balanar23, username=Balanar}</td></tr></table><p class="totop"><a href="#summary">back to summary</a></p>
<h3 id="m4">testFramework.testClasses.MyAccount_Tests#invalidLogIn</h3><table class="result"><tr class="param"><th>Parameter #1</th></tr><tr class="param stripe"><td>{password=Mile28, username=Micko}</td></tr></table><p class="totop"><a href="#summary">back to summary</a></p>
<h3 id="m5">testFramework.testClasses.MyAccount_Tests#invalidLogIn</h3><table class="result"><tr class="param"><th>Parameter #1</th></tr><tr class="param stripe"><td>{password=PeraLera, username=Pera}</td></tr></table><p class="totop"><a href="#summary">back to summary</a></p>
<h3 id="m6">testFramework.testClasses.MyAccount_Tests#verifyMyAccountPageExists</h3><table class="result"><tr><th class="invisible"/></tr></table><p class="totop"><a href="#summary">back to summary</a></p>
<h3 id="m7">testFramework.testClasses.MyAccount_Tests#verifyRememberMeCheckbox</h3><table class="result"><tr><th class="invisible"/></tr></table><p class="totop"><a href="#summary">back to summary</a></p>
</body>
</html>
